<?xml version="1.0" encoding="UTF-8"?>
<testsuite xmlns:xsi="http://www.w3.org/2001/XMLSchema-instance" xsi:noNamespaceSchemaLocation="https://maven.apache.org/surefire/maven-surefire-plugin/xsd/surefire-test-report.xsd" version="3.0.2" name="tp.pbt.Partie1_ListePropertiesTest" time="0.187" tests="2" errors="0" skipped="0" failures="0">
  <properties>
[...]
</properties>
  <testcase name="inverserDeuxFoisRedonneLaListeOriginale" classname="tp.pbt.Partie1_ListePropertiesTest" time="0.062">
    <system-out><![CDATA[timestamp = 2026-07-06T21:28:09.142200, Partie1 ListePropertiesTest:inverserDeuxFoisRedonneLaListeOriginale = 
                              |-----------------------jqwik-----------------------
tries = 1000                  | # of calls to property
checks = 1000                 | # of not rejected calls
generation = RANDOMIZED       | parameters are randomly generated
after-failure = SAMPLE_FIRST  | try previously failed sample, then previous seed
when-fixed-seed = ALLOW       | fixing the random seed is allowed
edge-cases#mode = MIXIN       | edge cases are mixed in
edge-cases#total = 10         | # of all combined edge cases
edge-cases#tried = 10         | # of edge cases tried in current run
seed = -3220751019014788171   | random seed to reproduce generated values


]]></system-out>
  </testcase>
  <testcase name="sommeAuMoinsEgaleAuMaximumQuandPasDeNegatifs" classname="tp.pbt.Partie1_ListePropertiesTest" time="0.118">
    <system-out><![CDATA[timestamp = 2026-07-06T21:28:09.261802, Partie1 ListePropertiesTest:sommeAuMoinsEgaleAuMaximumQuandPasDeNegatifs = 
                              |-----------------------jqwik-----------------------
tries = 1000                  | # of calls to property
checks = 1000                 | # of not rejected calls
generation = RANDOMIZED       | parameters are randomly generated
after-failure = SAMPLE_FIRST  | try previously failed sample, then previous seed
when-fixed-seed = ALLOW       | fixing the random seed is allowed
edge-cases#mode = MIXIN       | edge cases are mixed in
edge-cases#total = 5          | # of all combined edge cases
edge-cases#tried = 5          | # of edge cases tried in current run
seed = -7329508285520632824   | random seed to reproduce generated values


]]></system-out>
  </testcase>
</testsuite>